<?xml version="1.0" encoding="UTF-8"?>
<!-- Generated by org.testng.reporters.JUnitXMLReporter -->
<testsuite hostname="DESKTOP-996CEA1" ignored="0" name="Test1" tests="24" failures="2" timestamp="2020-06-04T17:54:33 IST" time="114.076" errors="0">
  <testcase name="test1" time="0.016" classname="TestngDemo.TestNGAnnotations"/>
  <testcase name="test2" time="0.002" classname="TestngDemo.TestNGAnnotations"/>
  <testcase name="xyz" time="0.019" classname="TestngDemo.DependsOnMethodsDemo"/>
  <testcase name="abc" time="0.108" classname="TestngDemo.DependsOnMethodsDemo">
    <failure type="java.lang.ArithmeticException" message="/ by zero">
      <![CDATA[java.lang.ArithmeticException: / by zero
at TestngDemo.DependsOnMethodsDemo.abc(DependsOnMethodsDemo.java:45)
at java.util.ArrayList.forEach(Unknown Source)
... Removed 27 stack frames]]>
    </failure>
  </testcase> <!-- abc -->
  <testcase name="pqr" time="0.0" classname="TestngDemo.DependsOnMethodsDemo">
    <skipped/>
  </testcase> <!-- pqr -->
  <testcase name="tuv" time="0.083" classname="TestngDemo.TestNGGoogleTest"/>
  <testcase name="xyz" time="0.022" classname="TestngDemo.GoogleTitleTest$TestNGGoogleTest">
    <failure type="java.lang.AssertionError" message="expected [Google] but found [Google123]">
      <![CDATA[java.lang.AssertionError: expected [Google] but found [Google123]
at TestngDemo.GoogleTitleTest$TestNGGoogleTest.xyz(GoogleTitleTest.java:39)
at java.util.ArrayList.forEach(Unknown Source)
... Removed 32 stack frames]]>
    </failure>
  </testcase> <!-- xyz -->
  <testcase name="xyz" time="0.016" classname="TestngDemo.TestNGGoogleTest"/>
  <testcase name="abc" time="0.085" classname="TestngDemo.GoogleTitleTest$TestNGGoogleTest"/>
  <testcase name="abc" time="0.066" classname="TestngDemo.TestNGGoogleTest"/>
  <testcase name="pqr" time="0.062" classname="TestngDemo.TestNGGoogleTest"/>
  <testcase name="def" time="0.086" classname="TestngDemo.TestNGGoogleTest"/>
  <testcase name="verifyLinks" time="8.172" classname="RecordTest.RecordingTest"/>
  <testcase name="test" time="0.002" classname="TestngDemo.InvocationCountTest"/>
  <testcase name="test" time="0.003" classname="TestngDemo.InvocationCountTest"/>
  <testcase name="test" time="0.002" classname="TestngDemo.InvocationCountTest"/>
  <testcase name="test" time="0.002" classname="TestngDemo.InvocationCountTest"/>
  <testcase name="test" time="0.0" classname="TestngDemo.InvocationCountTest"/>
  <testcase name="test" time="0.004" classname="TestngDemo.InvocationCountTest"/>
  <testcase name="test" time="0.003" classname="TestngDemo.InvocationCountTest"/>
  <testcase name="test" time="0.002" classname="TestngDemo.InvocationCountTest"/>
  <testcase name="test" time="0.002" classname="TestngDemo.InvocationCountTest"/>
  <testcase name="test" time="0.001" classname="TestngDemo.InvocationCountTest"/>
  <testcase name="test1" time="0.006" classname="TestngDemo.InvocationCountTest"/>
</testsuite> <!-- Test1 -->
